This file contains any messages produced by compilers while
running configure, to aid debugging if configure makes a mistake.

It was created by pfailover configure 0.4.1, which was
generated by GNU Autoconf 2.65.  Invocation command line was

  $ ./configure --no-create --no-recursion

## --------- ##
## Platform. ##
## --------- ##

hostname = ratatosk
uname -m = i686
uname -r = 2.6.31-1-686
uname -s = Linux
uname -v = #1 SMP Sun Nov 15 20:39:33 UTC 2009

/usr/bin/uname -p = unknown
/bin/uname -X     = unknown

/bin/arch              = unknown
/usr/bin/arch -k       = unknown
/usr/convex/getsysinfo = unknown
/usr/bin/hostinfo      = unknown
/bin/machine           = unknown
/usr/bin/oslevel       = unknown
/bin/universe          = unknown

PATH: /usr/local/bin
PATH: /usr/bin
PATH: /bin
PATH: /usr/games


## ----------- ##
## Core tests. ##
## ----------- ##

configure:2276: checking for g++
configure:2292: found /usr/bin/g++
configure:2303: result: g++
configure:2330: checking for C++ compiler version
configure:2339: g++ --version >&5
g++ (Debian 4.3.2-1.1) 4.3.2
Copyright (C) 2008 Free Software Foundation, Inc.
This is free software; see the source for copying conditions.  There is NO
warranty; not even for MERCHANTABILITY or FITNESS FOR A PARTICULAR PURPOSE.

configure:2350: $? = 0
configure:2339: g++ -v >&5
Using built-in specs.
Target: i486-linux-gnu
Configured with: ../src/configure -v --with-pkgversion='Debian 4.3.2-1.1' --with-bugurl=file:///usr/share/doc/gcc-4.3/README.Bugs --enable-languages=c,c++,fortran,objc,obj-c++ --prefix=/usr --enable-shared --with-system-zlib --libexecdir=/usr/lib --without-included-gettext --enable-threads=posix --enable-nls --with-gxx-include-dir=/usr/include/c++/4.3 --program-suffix=-4.3 --enable-clocale=gnu --enable-libstdcxx-debug --enable-objc-gc --enable-mpfr --enable-targets=all --enable-cld --enable-checking=release --build=i486-linux-gnu --host=i486-linux-gnu --target=i486-linux-gnu
Thread model: posix
gcc version 4.3.2 (Debian 4.3.2-1.1) 
configure:2350: $? = 0
configure:2339: g++ -V >&5
g++: '-V' option must have argument
configure:2350: $? = 1
configure:2339: g++ -qversion >&5
g++: unrecognized option '-qversion'
g++: no input files
configure:2350: $? = 1
configure:2370: checking whether the C++ compiler works
configure:2392: g++    conftest.cpp  >&5
configure:2396: $? = 0
configure:2445: result: yes
configure:2448: checking for C++ compiler default output file name
configure:2450: result: a.out
configure:2456: checking for suffix of executables
configure:2463: g++ -o conftest    conftest.cpp  >&5
configure:2467: $? = 0
configure:2489: result: 
configure:2511: checking whether we are cross compiling
configure:2519: g++ -o conftest    conftest.cpp  >&5
configure:2523: $? = 0
configure:2530: ./conftest
configure:2534: $? = 0
configure:2549: result: no
configure:2554: checking for suffix of object files
configure:2576: g++ -c   conftest.cpp >&5
configure:2580: $? = 0
configure:2601: result: o
configure:2605: checking whether we are using the GNU C++ compiler
configure:2624: g++ -c   conftest.cpp >&5
configure:2624: $? = 0
configure:2633: result: yes
configure:2642: checking whether g++ accepts -g
configure:2662: g++ -c -g  conftest.cpp >&5
configure:2662: $? = 0
configure:2703: result: yes
configure:2774: checking for gcc
configure:2790: found /usr/bin/gcc
configure:2801: result: gcc
configure:3030: checking for C compiler version
configure:3039: gcc --version >&5
gcc (Debian 4.3.2-1.1) 4.3.2
Copyright (C) 2008 Free Software Foundation, Inc.
This is free software; see the source for copying conditions.  There is NO
warranty; not even for MERCHANTABILITY or FITNESS FOR A PARTICULAR PURPOSE.

configure:3050: $? = 0
configure:3039: gcc -v >&5
Using built-in specs.
Target: i486-linux-gnu
Configured with: ../src/configure -v --with-pkgversion='Debian 4.3.2-1.1' --with-bugurl=file:///usr/share/doc/gcc-4.3/README.Bugs --enable-languages=c,c++,fortran,objc,obj-c++ --prefix=/usr --enable-shared --with-system-zlib --libexecdir=/usr/lib --without-included-gettext --enable-threads=posix --enable-nls --with-gxx-include-dir=/usr/include/c++/4.3 --program-suffix=-4.3 --enable-clocale=gnu --enable-libstdcxx-debug --enable-objc-gc --enable-mpfr --enable-targets=all --enable-cld --enable-checking=release --build=i486-linux-gnu --host=i486-linux-gnu --target=i486-linux-gnu
Thread model: posix
gcc version 4.3.2 (Debian 4.3.2-1.1) 
configure:3050: $? = 0
configure:3039: gcc -V >&5
gcc: '-V' option must have argument
configure:3050: $? = 1
configure:3039: gcc -qversion >&5
gcc: unrecognized option '-qversion'
gcc: no input files
configure:3050: $? = 1
configure:3054: checking whether we are using the GNU C compiler
configure:3073: gcc -c   conftest.c >&5
configure:3073: $? = 0
configure:3082: result: yes
configure:3091: checking whether gcc accepts -g
configure:3111: gcc -c -g  conftest.c >&5
configure:3111: $? = 0
configure:3152: result: yes
configure:3169: checking for gcc option to accept ISO C89
configure:3233: gcc  -c   conftest.c >&5
configure:3233: $? = 0
configure:3246: result: none needed
configure:3276: checking how to run the C preprocessor
configure:3307: gcc -E  conftest.c
configure:3307: $? = 0
configure:3321: gcc -E  conftest.c
conftest.c:9:28: error: ac_nonexistent.h: No such file or directory
configure:3321: $? = 1
configure: failed program was:
| /* confdefs.h */
| #define PACKAGE_NAME "pfailover"
| #define PACKAGE_TARNAME "pfailover"
| #define PACKAGE_VERSION "0.4.1"
| #define PACKAGE_STRING "pfailover 0.4.1"
| #define PACKAGE_BUGREPORT "twestbrook@synthdreams.com"
| #define PACKAGE_URL ""
| /* end confdefs.h.  */
| #include <ac_nonexistent.h>
configure:3346: result: gcc -E
configure:3366: gcc -E  conftest.c
configure:3366: $? = 0
configure:3380: gcc -E  conftest.c
conftest.c:9:28: error: ac_nonexistent.h: No such file or directory
configure:3380: $? = 1
configure: failed program was:
| /* confdefs.h */
| #define PACKAGE_NAME "pfailover"
| #define PACKAGE_TARNAME "pfailover"
| #define PACKAGE_VERSION "0.4.1"
| #define PACKAGE_STRING "pfailover 0.4.1"
| #define PACKAGE_BUGREPORT "twestbrook@synthdreams.com"
| #define PACKAGE_URL ""
| /* end confdefs.h.  */
| #include <ac_nonexistent.h>
configure:3409: checking for grep that handles long lines and -e
configure:3467: result: /bin/grep
configure:3472: checking for egrep
configure:3534: result: /bin/grep -E
configure:3539: checking for ANSI C header files
configure:3559: gcc -c   conftest.c >&5
configure:3559: $? = 0
configure:3632: gcc -o conftest    conftest.c  >&5
configure:3632: $? = 0
configure:3632: ./conftest
configure:3632: $? = 0
configure:3643: result: yes
configure:3656: checking for sys/types.h
configure:3656: gcc -c   conftest.c >&5
configure:3656: $? = 0
configure:3656: result: yes
configure:3656: checking for sys/stat.h
configure:3656: gcc -c   conftest.c >&5
configure:3656: $? = 0
configure:3656: result: yes
configure:3656: checking for stdlib.h
configure:3656: gcc -c   conftest.c >&5
configure:3656: $? = 0
configure:3656: result: yes
configure:3656: checking for string.h
configure:3656: gcc -c   conftest.c >&5
configure:3656: $? = 0
configure:3656: result: yes
configure:3656: checking for memory.h
configure:3656: gcc -c   conftest.c >&5
configure:3656: $? = 0
configure:3656: result: yes
configure:3656: checking for strings.h
configure:3656: gcc -c   conftest.c >&5
configure:3656: $? = 0
configure:3656: result: yes
configure:3656: checking for inttypes.h
configure:3656: gcc -c   conftest.c >&5
configure:3656: $? = 0
configure:3656: result: yes
configure:3656: checking for stdint.h
configure:3656: gcc -c   conftest.c >&5
configure:3656: $? = 0
configure:3656: result: yes
configure:3656: checking for unistd.h
configure:3656: gcc -c   conftest.c >&5
configure:3656: $? = 0
configure:3656: result: yes
configure:3671: checking for stdlib.h
configure:3671: result: yes
configure:3683: checking for size_t
configure:3683: gcc -c   conftest.c >&5
configure:3683: $? = 0
configure:3683: gcc -c   conftest.c >&5
conftest.c: In function 'main':
conftest.c:56: error: expected expression before ')' token
configure:3683: $? = 1
configure: failed program was:
| /* confdefs.h */
| #define PACKAGE_NAME "pfailover"
| #define PACKAGE_TARNAME "pfailover"
| #define PACKAGE_VERSION "0.4.1"
| #define PACKAGE_STRING "pfailover 0.4.1"
| #define PACKAGE_BUGREPORT "twestbrook@synthdreams.com"
| #define PACKAGE_URL ""
| #define STDC_HEADERS 1
| #define HAVE_SYS_TYPES_H 1
| #define HAVE_SYS_STAT_H 1
| #define HAVE_STDLIB_H 1
| #define HAVE_STRING_H 1
| #define HAVE_MEMORY_H 1
| #define HAVE_STRINGS_H 1
| #define HAVE_INTTYPES_H 1
| #define HAVE_STDINT_H 1
| #define HAVE_UNISTD_H 1
| #define HAVE_STDLIB_H 1
| /* end confdefs.h.  */
| #include <stdio.h>
| #ifdef HAVE_SYS_TYPES_H
| # include <sys/types.h>
| #endif
| #ifdef HAVE_SYS_STAT_H
| # include <sys/stat.h>
| #endif
| #ifdef STDC_HEADERS
| # include <stdlib.h>
| # include <stddef.h>
| #else
| # ifdef HAVE_STDLIB_H
| #  include <stdlib.h>
| # endif
| #endif
| #ifdef HAVE_STRING_H
| # if !defined STDC_HEADERS && defined HAVE_MEMORY_H
| #  include <memory.h>
| # endif
| # include <string.h>
| #endif
| #ifdef HAVE_STRINGS_H
| # include <strings.h>
| #endif
| #ifdef HAVE_INTTYPES_H
| # include <inttypes.h>
| #endif
| #ifdef HAVE_STDINT_H
| # include <stdint.h>
| #endif
| #ifdef HAVE_UNISTD_H
| # include <unistd.h>
| #endif
| int
| main ()
| {
| if (sizeof ((size_t)))
| 	    return 0;
|   ;
|   return 0;
| }
configure:3683: result: yes
configure:3696: checking for pid_t
configure:3696: gcc -c   conftest.c >&5
configure:3696: $? = 0
configure:3696: gcc -c   conftest.c >&5
conftest.c: In function 'main':
conftest.c:56: error: expected expression before ')' token
configure:3696: $? = 1
configure: failed program was:
| /* confdefs.h */
| #define PACKAGE_NAME "pfailover"
| #define PACKAGE_TARNAME "pfailover"
| #define PACKAGE_VERSION "0.4.1"
| #define PACKAGE_STRING "pfailover 0.4.1"
| #define PACKAGE_BUGREPORT "twestbrook@synthdreams.com"
| #define PACKAGE_URL ""
| #define STDC_HEADERS 1
| #define HAVE_SYS_TYPES_H 1
| #define HAVE_SYS_STAT_H 1
| #define HAVE_STDLIB_H 1
| #define HAVE_STRING_H 1
| #define HAVE_MEMORY_H 1
| #define HAVE_STRINGS_H 1
| #define HAVE_INTTYPES_H 1
| #define HAVE_STDINT_H 1
| #define HAVE_UNISTD_H 1
| #define HAVE_STDLIB_H 1
| /* end confdefs.h.  */
| #include <stdio.h>
| #ifdef HAVE_SYS_TYPES_H
| # include <sys/types.h>
| #endif
| #ifdef HAVE_SYS_STAT_H
| # include <sys/stat.h>
| #endif
| #ifdef STDC_HEADERS
| # include <stdlib.h>
| # include <stddef.h>
| #else
| # ifdef HAVE_STDLIB_H
| #  include <stdlib.h>
| # endif
| #endif
| #ifdef HAVE_STRING_H
| # if !defined STDC_HEADERS && defined HAVE_MEMORY_H
| #  include <memory.h>
| # endif
| # include <string.h>
| #endif
| #ifdef HAVE_STRINGS_H
| # include <strings.h>
| #endif
| #ifdef HAVE_INTTYPES_H
| # include <inttypes.h>
| #endif
| #ifdef HAVE_STDINT_H
| # include <stdint.h>
| #endif
| #ifdef HAVE_UNISTD_H
| # include <unistd.h>
| #endif
| int
| main ()
| {
| if (sizeof ((pid_t)))
| 	    return 0;
|   ;
|   return 0;
| }
configure:3696: result: yes
configure:3709: checking vfork.h usability
configure:3709: gcc -c   conftest.c >&5
conftest.c:53:19: error: vfork.h: No such file or directory
configure:3709: $? = 1
configure: failed program was:
| /* confdefs.h */
| #define PACKAGE_NAME "pfailover"
| #define PACKAGE_TARNAME "pfailover"
| #define PACKAGE_VERSION "0.4.1"
| #define PACKAGE_STRING "pfailover 0.4.1"
| #define PACKAGE_BUGREPORT "twestbrook@synthdreams.com"
| #define PACKAGE_URL ""
| #define STDC_HEADERS 1
| #define HAVE_SYS_TYPES_H 1
| #define HAVE_SYS_STAT_H 1
| #define HAVE_STDLIB_H 1
| #define HAVE_STRING_H 1
| #define HAVE_MEMORY_H 1
| #define HAVE_STRINGS_H 1
| #define HAVE_INTTYPES_H 1
| #define HAVE_STDINT_H 1
| #define HAVE_UNISTD_H 1
| #define HAVE_STDLIB_H 1
| /* end confdefs.h.  */
| #include <stdio.h>
| #ifdef HAVE_SYS_TYPES_H
| # include <sys/types.h>
| #endif
| #ifdef HAVE_SYS_STAT_H
| # include <sys/stat.h>
| #endif
| #ifdef STDC_HEADERS
| # include <stdlib.h>
| # include <stddef.h>
| #else
| # ifdef HAVE_STDLIB_H
| #  include <stdlib.h>
| # endif
| #endif
| #ifdef HAVE_STRING_H
| # if !defined STDC_HEADERS && defined HAVE_MEMORY_H
| #  include <memory.h>
| # endif
| # include <string.h>
| #endif
| #ifdef HAVE_STRINGS_H
| # include <strings.h>
| #endif
| #ifdef HAVE_INTTYPES_H
| # include <inttypes.h>
| #endif
| #ifdef HAVE_STDINT_H
| # include <stdint.h>
| #endif
| #ifdef HAVE_UNISTD_H
| # include <unistd.h>
| #endif
| #include <vfork.h>
configure:3709: result: no
configure:3709: checking vfork.h presence
configure:3709: gcc -E  conftest.c
conftest.c:20:19: error: vfork.h: No such file or directory
configure:3709: $? = 1
configure: failed program was:
| /* confdefs.h */
| #define PACKAGE_NAME "pfailover"
| #define PACKAGE_TARNAME "pfailover"
| #define PACKAGE_VERSION "0.4.1"
| #define PACKAGE_STRING "pfailover 0.4.1"
| #define PACKAGE_BUGREPORT "twestbrook@synthdreams.com"
| #define PACKAGE_URL ""
| #define STDC_HEADERS 1
| #define HAVE_SYS_TYPES_H 1
| #define HAVE_SYS_STAT_H 1
| #define HAVE_STDLIB_H 1
| #define HAVE_STRING_H 1
| #define HAVE_MEMORY_H 1
| #define HAVE_STRINGS_H 1
| #define HAVE_INTTYPES_H 1
| #define HAVE_STDINT_H 1
| #define HAVE_UNISTD_H 1
| #define HAVE_STDLIB_H 1
| /* end confdefs.h.  */
| #include <vfork.h>
configure:3709: result: no
configure:3709: checking for vfork.h
configure:3709: result: no
configure:3722: checking for fork
configure:3722: gcc -o conftest    conftest.c  >&5
conftest.c:43: warning: conflicting types for built-in function 'fork'
configure:3722: $? = 0
configure:3722: result: yes
configure:3722: checking for vfork
configure:3722: gcc -o conftest    conftest.c  >&5
configure:3722: $? = 0
configure:3722: result: yes
configure:3733: checking for working fork
configure:3755: gcc -o conftest    conftest.c  >&5
configure:3755: $? = 0
configure:3755: ./conftest
configure:3755: $? = 0
configure:3765: result: yes
configure:3786: checking for working vfork
configure:3896: result: yes
configure:3962: checking for a BSD-compatible install
configure:4030: result: /usr/bin/install -c
configure:4041: checking whether build environment is sane
configure:4091: result: yes
configure:4232: checking for a thread-safe mkdir -p
configure:4271: result: /bin/mkdir -p
configure:4284: checking for gawk
configure:4314: result: no
configure:4284: checking for mawk
configure:4300: found /usr/bin/mawk
configure:4311: result: mawk
configure:4322: checking whether make sets $(MAKE)
configure:4344: result: yes
configure:4374: checking for style of include used by make
configure:4402: result: GNU
configure:4487: checking dependency style of gcc
configure:4597: result: gcc3
configure:4614: checking dependency style of g++
configure:4724: result: gcc3
configure:4901: creating ./config.status

## ---------------- ##
## Cache variables. ##
## ---------------- ##

ac_cv_c_compiler_gnu=yes
ac_cv_cxx_compiler_gnu=yes
ac_cv_env_CCC_set=
ac_cv_env_CCC_value=
ac_cv_env_CC_set=
ac_cv_env_CC_value=
ac_cv_env_CFLAGS_set=
ac_cv_env_CFLAGS_value=
ac_cv_env_CPPFLAGS_set=
ac_cv_env_CPPFLAGS_value=
ac_cv_env_CPP_set=
ac_cv_env_CPP_value=
ac_cv_env_CXXFLAGS_set=
ac_cv_env_CXXFLAGS_value=
ac_cv_env_CXX_set=
ac_cv_env_CXX_value=
ac_cv_env_LDFLAGS_set=
ac_cv_env_LDFLAGS_value=
ac_cv_env_LIBS_set=
ac_cv_env_LIBS_value=
ac_cv_env_build_alias_set=
ac_cv_env_build_alias_value=
ac_cv_env_host_alias_set=
ac_cv_env_host_alias_value=
ac_cv_env_target_alias_set=
ac_cv_env_target_alias_value=
ac_cv_func_fork=yes
ac_cv_func_fork_works=yes
ac_cv_func_vfork=yes
ac_cv_func_vfork_works=yes
ac_cv_header_inttypes_h=yes
ac_cv_header_memory_h=yes
ac_cv_header_stdc=yes
ac_cv_header_stdint_h=yes
ac_cv_header_stdlib_h=yes
ac_cv_header_string_h=yes
ac_cv_header_strings_h=yes
ac_cv_header_sys_stat_h=yes
ac_cv_header_sys_types_h=yes
ac_cv_header_unistd_h=yes
ac_cv_header_vfork_h=no
ac_cv_objext=o
ac_cv_path_EGREP='/bin/grep -E'
ac_cv_path_GREP=/bin/grep
ac_cv_path_install='/usr/bin/install -c'
ac_cv_path_mkdir=/bin/mkdir
ac_cv_prog_AWK=mawk
ac_cv_prog_CPP='gcc -E'
ac_cv_prog_ac_ct_CC=gcc
ac_cv_prog_ac_ct_CXX=g++
ac_cv_prog_cc_c89=
ac_cv_prog_cc_g=yes
ac_cv_prog_cxx_g=yes
ac_cv_prog_make_make_set=yes
ac_cv_type_pid_t=yes
ac_cv_type_size_t=yes
am_cv_CC_dependencies_compiler_type=gcc3
am_cv_CXX_dependencies_compiler_type=gcc3

## ----------------- ##
## Output variables. ##
## ----------------- ##

ACLOCAL='${SHELL} /media/truecrypt1/Projects/code/pfailover/missing --run aclocal-1.11'
AMDEPBACKSLASH='\'
AMDEP_FALSE='#'
AMDEP_TRUE=''
AMTAR='${SHELL} /media/truecrypt1/Projects/code/pfailover/missing --run tar'
AUTOCONF='${SHELL} /media/truecrypt1/Projects/code/pfailover/missing --run autoconf'
AUTOHEADER='${SHELL} /media/truecrypt1/Projects/code/pfailover/missing --run autoheader'
AUTOMAKE='${SHELL} /media/truecrypt1/Projects/code/pfailover/missing --run automake-1.11'
AWK='mawk'
CC='gcc'
CCDEPMODE='depmode=gcc3'
CFLAGS=''
CPP='gcc -E'
CPPFLAGS=''
CXX='g++'
CXXDEPMODE='depmode=gcc3'
CXXFLAGS=''
CYGPATH_W='echo'
DEFS='-DPACKAGE_NAME=\"pfailover\" -DPACKAGE_TARNAME=\"pfailover\" -DPACKAGE_VERSION=\"0.4.1\" -DPACKAGE_STRING=\"pfailover\ 0.4.1\" -DPACKAGE_BUGREPORT=\"twestbrook@synthdreams.com\" -DPACKAGE_URL=\"\" -DSTDC_HEADERS=1 -DHAVE_SYS_TYPES_H=1 -DHAVE_SYS_STAT_H=1 -DHAVE_STDLIB_H=1 -DHAVE_STRING_H=1 -DHAVE_MEMORY_H=1 -DHAVE_STRINGS_H=1 -DHAVE_INTTYPES_H=1 -DHAVE_STDINT_H=1 -DHAVE_UNISTD_H=1 -DHAVE_STDLIB_H=1 -DHAVE_FORK=1 -DHAVE_VFORK=1 -DHAVE_WORKING_VFORK=1 -DHAVE_WORKING_FORK=1 -DPACKAGE=\"pfailover\" -DVERSION=\"0.4.1\"'
DEPDIR='.deps'
ECHO_C=''
ECHO_N='-n'
ECHO_T=''
EGREP='/bin/grep -E'
EXEEXT=''
GREP='/bin/grep'
INSTALL_DATA='${INSTALL} -m 644'
INSTALL_PROGRAM='${INSTALL}'
INSTALL_SCRIPT='${INSTALL}'
INSTALL_STRIP_PROGRAM='$(install_sh) -c -s'
LDFLAGS=''
LIBOBJS=''
LIBS=''
LTLIBOBJS=''
MAKEINFO='${SHELL} /media/truecrypt1/Projects/code/pfailover/missing --run makeinfo'
MKDIR_P='/bin/mkdir -p'
OBJEXT='o'
PACKAGE='pfailover'
PACKAGE_BUGREPORT='twestbrook@synthdreams.com'
PACKAGE_NAME='pfailover'
PACKAGE_STRING='pfailover 0.4.1'
PACKAGE_TARNAME='pfailover'
PACKAGE_URL=''
PACKAGE_VERSION='0.4.1'
PATH_SEPARATOR=':'
SET_MAKE=''
SHELL='/bin/sh'
STRIP=''
VERSION='0.4.1'
ac_ct_CC='gcc'
ac_ct_CXX='g++'
am__EXEEXT_FALSE=''
am__EXEEXT_TRUE='#'
am__fastdepCC_FALSE='#'
am__fastdepCC_TRUE=''
am__fastdepCXX_FALSE='#'
am__fastdepCXX_TRUE=''
am__include='include'
am__isrc=''
am__leading_dot='.'
am__quote=''
am__tar='${AMTAR} chof - "$$tardir"'
am__untar='${AMTAR} xf -'
bindir='${exec_prefix}/bin'
build_alias=''
datadir='${datarootdir}'
datarootdir='${prefix}/share'
docdir='${datarootdir}/doc/${PACKAGE_TARNAME}'
dvidir='${docdir}'
exec_prefix='${prefix}'
host_alias=''
htmldir='${docdir}'
includedir='${prefix}/include'
infodir='${datarootdir}/info'
install_sh='${SHELL} /media/truecrypt1/Projects/code/pfailover/install-sh'
libdir='${exec_prefix}/lib'
libexecdir='${exec_prefix}/libexec'
localedir='${datarootdir}/locale'
localstatedir='${prefix}/var'
mandir='${datarootdir}/man'
mkdir_p='/bin/mkdir -p'
oldincludedir='/usr/include'
pdfdir='${docdir}'
prefix='/usr/local'
program_transform_name='s,x,x,'
psdir='${docdir}'
sbindir='${exec_prefix}/sbin'
sharedstatedir='${prefix}/com'
sysconfdir='${prefix}/etc'
target_alias=''

## ----------- ##
## confdefs.h. ##
## ----------- ##

/* confdefs.h */
#define PACKAGE_NAME "pfailover"
#define PACKAGE_TARNAME "pfailover"
#define PACKAGE_VERSION "0.4.1"
#define PACKAGE_STRING "pfailover 0.4.1"
#define PACKAGE_BUGREPORT "twestbrook@synthdreams.com"
#define PACKAGE_URL ""
#define STDC_HEADERS 1
#define HAVE_SYS_TYPES_H 1
#define HAVE_SYS_STAT_H 1
#define HAVE_STDLIB_H 1
#define HAVE_STRING_H 1
#define HAVE_MEMORY_H 1
#define HAVE_STRINGS_H 1
#define HAVE_INTTYPES_H 1
#define HAVE_STDINT_H 1
#define HAVE_UNISTD_H 1
#define HAVE_STDLIB_H 1
#define HAVE_FORK 1
#define HAVE_VFORK 1
#define HAVE_WORKING_VFORK 1
#define HAVE_WORKING_FORK 1
#define PACKAGE "pfailover"
#define VERSION "0.4.1"

configure: exit 0

## ---------------------- ##
## Running config.status. ##
## ---------------------- ##

This file was extended by pfailover config.status 0.4.1, which was
generated by GNU Autoconf 2.65.  Invocation command line was

  CONFIG_FILES    = 
  CONFIG_HEADERS  = 
  CONFIG_LINKS    = 
  CONFIG_COMMANDS = 
  $ ./config.status 

on ratatosk

config.status:783: creating Makefile
config.status:783: creating src/Makefile
config.status:783: creating data/Makefile
config.status:946: executing depfiles commands
